[2024-07-28 09:10:15] production.ERROR: There are no commands defined in the "ket" namespace.

Did you mean this?
    key {"exception":"[object] (Symfony\\Component\\Console\\Exception\\NamespaceNotFoundException(code: 0): There are no commands defined in the \"ket\" namespace.

Did you mean this?
    key at C:\\xampp1\\htdocs\\demo1\\Complete Laravel Tutorial 2022\\code\\laravel-app\\vendor\\symfony\\console\\Application.php:669)
[stacktrace]
#0 C:\\xampp1\\htdocs\\demo1\\Complete Laravel Tutorial 2022\\code\\laravel-app\\vendor\\symfony\\console\\Application.php(720): Symfony\\Component\\Console\\Application->findNamespace('ket')
#1 C:\\xampp1\\htdocs\\demo1\\Complete Laravel Tutorial 2022\\code\\laravel-app\\vendor\\symfony\\console\\Application.php(266): Symfony\\Component\\Console\\Application->find('ket:generate')
#2 C:\\xampp1\\htdocs\\demo1\\Complete Laravel Tutorial 2022\\code\\laravel-app\\vendor\\symfony\\console\\Application.php(175): Symfony\\Component\\Console\\Application->doRun(Object(Symfony\\Component\\Console\\Input\\ArgvInput), Object(Symfony\\Component\\Console\\Output\\ConsoleOutput))
#3 C:\\xampp1\\htdocs\\demo1\\Complete Laravel Tutorial 2022\\code\\laravel-app\\vendor\\laravel\\framework\\src\\Illuminate\\Console\\Application.php(102): Symfony\\Component\\Console\\Application->run(Object(Symfony\\Component\\Console\\Input\\ArgvInput), Object(Symfony\\Component\\Console\\Output\\ConsoleOutput))
#4 C:\\xampp1\\htdocs\\demo1\\Complete Laravel Tutorial 2022\\code\\laravel-app\\vendor\\laravel\\framework\\src\\Illuminate\\Foundation\\Console\\Kernel.php(155): Illuminate\\Console\\Application->run(Object(Symfony\\Component\\Console\\Input\\ArgvInput), Object(Symfony\\Component\\Console\\Output\\ConsoleOutput))
#5 C:\\xampp1\\htdocs\\demo1\\Complete Laravel Tutorial 2022\\code\\laravel-app\\artisan(37): Illuminate\\Foundation\\Console\\Kernel->handle(Object(Symfony\\Component\\Console\\Input\\ArgvInput), Object(Symfony\\Component\\Console\\Output\\ConsoleOutput))
#6 {main}
"} 
[2024-07-28 09:10:23] production.ERROR: file_get_contents(C:\xampp1\htdocs\demo1\Complete Laravel Tutorial 2022\code\laravel-app\.env): Failed to open stream: No such file or directory {"exception":"[object] (ErrorException(code: 0): file_get_contents(C:\\xampp1\\htdocs\\demo1\\Complete Laravel Tutorial 2022\\code\\laravel-app\\.env): Failed to open stream: No such file or directory at C:\\xampp1\\htdocs\\demo1\\Complete Laravel Tutorial 2022\\code\\laravel-app\\vendor\\laravel\\framework\\src\\Illuminate\\Foundation\\Console\\KeyGenerateCommand.php:111)
[stacktrace]
#0 C:\\xampp1\\htdocs\\demo1\\Complete Laravel Tutorial 2022\\code\\laravel-app\\vendor\\laravel\\framework\\src\\Illuminate\\Foundation\\Bootstrap\\HandleExceptions.php(270): Illuminate\\Foundation\\Bootstrap\\HandleExceptions->handleError(2, 'file_get_conten...', 'C:\\\\xampp1\\\\htdoc...', 111)
#1 [internal function]: Illuminate\\Foundation\\Bootstrap\\HandleExceptions->Illuminate\\Foundation\\Bootstrap\\{closure}(2, 'file_get_conten...', 'C:\\\\xampp1\\\\htdoc...', 111)
#2 C:\\xampp1\\htdocs\\demo1\\Complete Laravel Tutorial 2022\\code\\laravel-app\\vendor\\laravel\\framework\\src\\Illuminate\\Foundation\\Console\\KeyGenerateCommand.php(111): file_get_contents('C:\\\\xampp1\\\\htdoc...')
#3 C:\\xampp1\\htdocs\\demo1\\Complete Laravel Tutorial 2022\\code\\laravel-app\\vendor\\laravel\\framework\\src\\Illuminate\\Foundation\\Console\\KeyGenerateCommand.php(93): Illuminate\\Foundation\\Console\\KeyGenerateCommand->writeNewEnvironmentFileWith('base64:cKMVOLwy...')
#4 C:\\xampp1\\htdocs\\demo1\\Complete Laravel Tutorial 2022\\code\\laravel-app\\vendor\\laravel\\framework\\src\\Illuminate\\Foundation\\Console\\KeyGenerateCommand.php(58): Illuminate\\Foundation\\Console\\KeyGenerateCommand->setKeyInEnvironmentFile('base64:cKMVOLwy...')
#5 C:\\xampp1\\htdocs\\demo1\\Complete Laravel Tutorial 2022\\code\\laravel-app\\vendor\\laravel\\framework\\src\\Illuminate\\Container\\BoundMethod.php(36): Illuminate\\Foundation\\Console\\KeyGenerateCommand->handle()
#6 C:\\xampp1\\htdocs\\demo1\\Complete Laravel Tutorial 2022\\code\\laravel-app\\vendor\\laravel\\framework\\src\\Illuminate\\Container\\Util.php(41): Illuminate\\Container\\BoundMethod::Illuminate\\Container\\{closure}()
#7 C:\\xampp1\\htdocs\\demo1\\Complete Laravel Tutorial 2022\\code\\laravel-app\\vendor\\laravel\\framework\\src\\Illuminate\\Container\\BoundMethod.php(93): Illuminate\\Container\\Util::unwrapIfClosure(Object(Closure))
#8 C:\\xampp1\\htdocs\\demo1\\Complete Laravel Tutorial 2022\\code\\laravel-app\\vendor\\laravel\\framework\\src\\Illuminate\\Container\\BoundMethod.php(37): Illuminate\\Container\\BoundMethod::callBoundMethod(Object(Illuminate\\Foundation\\Application), Array, Object(Closure))
#9 C:\\xampp1\\htdocs\\demo1\\Complete Laravel Tutorial 2022\\code\\laravel-app\\vendor\\laravel\\framework\\src\\Illuminate\\Container\\Container.php(661): Illuminate\\Container\\BoundMethod::call(Object(Illuminate\\Foundation\\Application), Array, Array, NULL)
#10 C:\\xampp1\\htdocs\\demo1\\Complete Laravel Tutorial 2022\\code\\laravel-app\\vendor\\laravel\\framework\\src\\Illuminate\\Console\\Command.php(183): Illuminate\\Container\\Container->call(Array)
#11 C:\\xampp1\\htdocs\\demo1\\Complete Laravel Tutorial 2022\\code\\laravel-app\\vendor\\symfony\\console\\Command\\Command.php(326): Illuminate\\Console\\Command->execute(Object(Symfony\\Component\\Console\\Input\\ArgvInput), Object(Illuminate\\Console\\OutputStyle))
#12 C:\\xampp1\\htdocs\\demo1\\Complete Laravel Tutorial 2022\\code\\laravel-app\\vendor\\laravel\\framework\\src\\Illuminate\\Console\\Command.php(153): Symfony\\Component\\Console\\Command\\Command->run(Object(Symfony\\Component\\Console\\Input\\ArgvInput), Object(Illuminate\\Console\\OutputStyle))
#13 C:\\xampp1\\htdocs\\demo1\\Complete Laravel Tutorial 2022\\code\\laravel-app\\vendor\\symfony\\console\\Application.php(1078): Illuminate\\Console\\Command->run(Object(Symfony\\Component\\Console\\Input\\ArgvInput), Object(Symfony\\Component\\Console\\Output\\ConsoleOutput))
#14 C:\\xampp1\\htdocs\\demo1\\Complete Laravel Tutorial 2022\\code\\laravel-app\\vendor\\symfony\\console\\Application.php(324): Symfony\\Component\\Console\\Application->doRunCommand(Object(Illuminate\\Foundation\\Console\\KeyGenerateCommand), Object(Symfony\\Component\\Console\\Input\\ArgvInput), Object(Symfony\\Component\\Console\\Output\\ConsoleOutput))
#15 C:\\xampp1\\htdocs\\demo1\\Complete Laravel Tutorial 2022\\code\\laravel-app\\vendor\\symfony\\console\\Application.php(175): Symfony\\Component\\Console\\Application->doRun(Object(Symfony\\Component\\Console\\Input\\ArgvInput), Object(Symfony\\Component\\Console\\Output\\ConsoleOutput))
#16 C:\\xampp1\\htdocs\\demo1\\Complete Laravel Tutorial 2022\\code\\laravel-app\\vendor\\laravel\\framework\\src\\Illuminate\\Console\\Application.php(102): Symfony\\Component\\Console\\Application->run(Object(Symfony\\Component\\Console\\Input\\ArgvInput), Object(Symfony\\Component\\Console\\Output\\ConsoleOutput))
#17 C:\\xampp1\\htdocs\\demo1\\Complete Laravel Tutorial 2022\\code\\laravel-app\\vendor\\laravel\\framework\\src\\Illuminate\\Foundation\\Console\\Kernel.php(155): Illuminate\\Console\\Application->run(Object(Symfony\\Component\\Console\\Input\\ArgvInput), Object(Symfony\\Component\\Console\\Output\\ConsoleOutput))
#18 C:\\xampp1\\htdocs\\demo1\\Complete Laravel Tutorial 2022\\code\\laravel-app\\artisan(37): Illuminate\\Foundation\\Console\\Kernel->handle(Object(Symfony\\Component\\Console\\Input\\ArgvInput), Object(Symfony\\Component\\Console\\Output\\ConsoleOutput))
#19 {main}
"} 
